<?xml version="1.0" encoding="UTF-8"?>
<!-- Generated by org.testng.reporters.JUnitReportReporter -->
<testsuite hostname="LAPTOP-U7REJBUE" failures="0" tests="1" name="com.inetBanking.Testcases.TC_AddNewCustomerTest_003" time="11.832" errors="0" timestamp="2022-01-11T18:56:51 IST" skipped="0">
  <testcase classname="com.inetBanking.Testcases.TC_AddNewCustomerTest_003" name="addNewCustomer" time="11.832"/>
  <system-out/>
</testsuite> <!-- com.inetBanking.Testcases.TC_AddNewCustomerTest_003 -->
