<?xml version="1.0" encoding="UTF-8"?>
<!-- Generated by org.testng.reporters.JUnitReportReporter -->
<testsuite hostname="LAPTOP-U7REJBUE" failures="0" tests="2" name="com.demoblaze.qa.testcases.HomePageTest" time="28.671" errors="0" timestamp="2021-12-22T00:43:45 IST" skipped="0">
  <testcase classname="com.demoblaze.qa.testcases.HomePageTest" name="homePageTitleTest" time="17.866"/>
  <system-out/>
  <testcase classname="com.demoblaze.qa.testcases.HomePageTest" name="imageValidateTest" time="10.805"/>
  <system-out/>
</testsuite> <!-- com.demoblaze.qa.testcases.HomePageTest -->
